[0.023s] Invoking command in '/home/raynel/autonomous_navigation/build/robot_description': CMAKE_PREFIX_PATH=${CMAKE_PREFIX_PATH}:/home/raynel/autonomous_navigation/install/robot_drivers:/opt/ros/humble /usr/bin/cmake --build /home/raynel/autonomous_navigation/build/robot_description -- -j24 -l24
[0.291s] Invoked command in '/home/raynel/autonomous_navigation/build/robot_description' returned '0': CMAKE_PREFIX_PATH=${CMAKE_PREFIX_PATH}:/home/raynel/autonomous_navigation/install/robot_drivers:/opt/ros/humble /usr/bin/cmake --build /home/raynel/autonomous_navigation/build/robot_description -- -j24 -l24
[0.302s] Invoking command in '/home/raynel/autonomous_navigation/build/robot_description': CMAKE_PREFIX_PATH=${CMAKE_PREFIX_PATH}:/home/raynel/autonomous_navigation/install/robot_drivers:/opt/ros/humble /usr/bin/cmake --install /home/raynel/autonomous_navigation/build/robot_description
[0.311s] -- Install configuration: ""
[0.311s] -- Up-to-date: /home/raynel/autonomous_navigation/install/robot_description/share/robot_description/launch
[0.311s] -- Up-to-date: /home/raynel/autonomous_navigation/install/robot_description/share/robot_description/launch/rviz2.launch.py
[0.311s] -- Up-to-date: /home/raynel/autonomous_navigation/install/robot_description/share/robot_description/launch/robot_state_publisher.launch.py
[0.312s] -- Up-to-date: /home/raynel/autonomous_navigation/install/robot_description/share/robot_description/urdf
[0.312s] -- Up-to-date: /home/raynel/autonomous_navigation/install/robot_description/share/robot_description/urdf/asus_xtion_camera.urdf.xacro
[0.312s] -- Up-to-date: /home/raynel/autonomous_navigation/install/robot_description/share/robot_description/urdf/meshes
[0.312s] -- Up-to-date: /home/raynel/autonomous_navigation/install/robot_description/share/robot_description/urdf/meshes/asus_xtion_pro_live.png
[0.312s] -- Up-to-date: /home/raynel/autonomous_navigation/install/robot_description/share/robot_description/urdf/meshes/asus_xtion_pro_live.dae
[0.312s] -- Up-to-date: /home/raynel/autonomous_navigation/install/robot_description/share/robot_description/urdf/sensors
[0.312s] -- Installing: /home/raynel/autonomous_navigation/install/robot_description/share/robot_description/urdf/sensors/asus_xtion.urdf.xacro
[0.312s] -- Up-to-date: /home/raynel/autonomous_navigation/install/robot_description/share/robot_description/config
[0.312s] -- Up-to-date: /home/raynel/autonomous_navigation/install/robot_description/share/robot_description/config/default.rviz
[0.313s] -- Up-to-date: /home/raynel/autonomous_navigation/install/robot_description/share/ament_index/resource_index/package_run_dependencies/robot_description
[0.313s] -- Up-to-date: /home/raynel/autonomous_navigation/install/robot_description/share/ament_index/resource_index/parent_prefix_path/robot_description
[0.313s] -- Up-to-date: /home/raynel/autonomous_navigation/install/robot_description/share/robot_description/environment/ament_prefix_path.sh
[0.313s] -- Up-to-date: /home/raynel/autonomous_navigation/install/robot_description/share/robot_description/environment/ament_prefix_path.dsv
[0.313s] -- Up-to-date: /home/raynel/autonomous_navigation/install/robot_description/share/robot_description/environment/path.sh
[0.313s] -- Up-to-date: /home/raynel/autonomous_navigation/install/robot_description/share/robot_description/environment/path.dsv
[0.313s] -- Up-to-date: /home/raynel/autonomous_navigation/install/robot_description/share/robot_description/local_setup.bash
[0.314s] -- Up-to-date: /home/raynel/autonomous_navigation/install/robot_description/share/robot_description/local_setup.sh
[0.314s] -- Up-to-date: /home/raynel/autonomous_navigation/install/robot_description/share/robot_description/local_setup.zsh
[0.314s] -- Up-to-date: /home/raynel/autonomous_navigation/install/robot_description/share/robot_description/local_setup.dsv
[0.314s] -- Installing: /home/raynel/autonomous_navigation/install/robot_description/share/robot_description/package.dsv
[0.315s] -- Up-to-date: /home/raynel/autonomous_navigation/install/robot_description/share/ament_index/resource_index/packages/robot_description
[0.315s] -- Up-to-date: /home/raynel/autonomous_navigation/install/robot_description/share/robot_description/cmake/robot_descriptionConfig.cmake
[0.315s] -- Up-to-date: /home/raynel/autonomous_navigation/install/robot_description/share/robot_description/cmake/robot_descriptionConfig-version.cmake
[0.315s] -- Up-to-date: /home/raynel/autonomous_navigation/install/robot_description/share/robot_description/package.xml
[0.315s] Invoked command in '/home/raynel/autonomous_navigation/build/robot_description' returned '0': CMAKE_PREFIX_PATH=${CMAKE_PREFIX_PATH}:/home/raynel/autonomous_navigation/install/robot_drivers:/opt/ros/humble /usr/bin/cmake --install /home/raynel/autonomous_navigation/build/robot_description
