[0.650s] Invoking command in '/home/raynel/autonomous_navigation/src/robot_drivers': PYTHONPATH=/home/raynel/autonomous_navigation/build/robot_drivers/prefix_override:/usr/lib/python3/dist-packages/colcon_core/task/python/colcon_distutils_commands:/home/raynel/autonomous_navigation/install/robot_drivers/lib/python3.10/site-packages:${PYTHONPATH} /usr/bin/python3 -W ignore:setup.py install is deprecated -W ignore:easy_install command is deprecated setup.py egg_info --egg-base ../../build/robot_drivers build --build-base /home/raynel/autonomous_navigation/build/robot_drivers/build install --record /home/raynel/autonomous_navigation/build/robot_drivers/install.log --single-version-externally-managed install_data
[0.878s] running egg_info
[0.879s] writing ../../build/robot_drivers/robot_drivers.egg-info/PKG-INFO
[0.879s] writing dependency_links to ../../build/robot_drivers/robot_drivers.egg-info/dependency_links.txt
[0.879s] writing entry points to ../../build/robot_drivers/robot_drivers.egg-info/entry_points.txt
[0.879s] writing requirements to ../../build/robot_drivers/robot_drivers.egg-info/requires.txt
[0.879s] writing top-level names to ../../build/robot_drivers/robot_drivers.egg-info/top_level.txt
[0.881s] reading manifest file '../../build/robot_drivers/robot_drivers.egg-info/SOURCES.txt'
[0.881s] adding license file 'LICENSE'
[0.882s] writing manifest file '../../build/robot_drivers/robot_drivers.egg-info/SOURCES.txt'
[0.882s] running build
[0.882s] running build_py
[0.882s] running install
[0.882s] running install_lib
[0.883s] running install_data
[0.883s] running install_egg_info
[0.885s] removing '/home/raynel/autonomous_navigation/install/robot_drivers/lib/python3.10/site-packages/robot_drivers-0.0.0-py3.10.egg-info' (and everything under it)
[0.885s] Copying ../../build/robot_drivers/robot_drivers.egg-info to /home/raynel/autonomous_navigation/install/robot_drivers/lib/python3.10/site-packages/robot_drivers-0.0.0-py3.10.egg-info
[0.885s] running install_scripts
[0.905s] writing list of installed files to '/home/raynel/autonomous_navigation/build/robot_drivers/install.log'
[0.926s] Invoked command in '/home/raynel/autonomous_navigation/src/robot_drivers' returned '0': PYTHONPATH=/home/raynel/autonomous_navigation/build/robot_drivers/prefix_override:/usr/lib/python3/dist-packages/colcon_core/task/python/colcon_distutils_commands:/home/raynel/autonomous_navigation/install/robot_drivers/lib/python3.10/site-packages:${PYTHONPATH} /usr/bin/python3 -W ignore:setup.py install is deprecated -W ignore:easy_install command is deprecated setup.py egg_info --egg-base ../../build/robot_drivers build --build-base /home/raynel/autonomous_navigation/build/robot_drivers/build install --record /home/raynel/autonomous_navigation/build/robot_drivers/install.log --single-version-externally-managed install_data
