[0.615s] Invoking command in '/home/raynel/autonomous_navigation/src/robot_drivers': PYTHONPATH=/home/raynel/autonomous_navigation/build/robot_drivers/prefix_override:/usr/lib/python3/dist-packages/colcon_core/task/python/colcon_distutils_commands:/home/raynel/autonomous_navigation/install/robot_drivers/lib/python3.10/site-packages:${PYTHONPATH} /usr/bin/python3 -W ignore:setup.py install is deprecated -W ignore:easy_install command is deprecated setup.py egg_info --egg-base ../../build/robot_drivers build --build-base /home/raynel/autonomous_navigation/build/robot_drivers/build install --record /home/raynel/autonomous_navigation/build/robot_drivers/install.log --single-version-externally-managed install_data
[0.841s] running egg_info
[0.841s] writing ../../build/robot_drivers/robot_drivers.egg-info/PKG-INFO
[0.841s] writing dependency_links to ../../build/robot_drivers/robot_drivers.egg-info/dependency_links.txt
[0.842s] writing entry points to ../../build/robot_drivers/robot_drivers.egg-info/entry_points.txt
[0.842s] writing requirements to ../../build/robot_drivers/robot_drivers.egg-info/requires.txt
[0.842s] writing top-level names to ../../build/robot_drivers/robot_drivers.egg-info/top_level.txt
[0.843s] reading manifest file '../../build/robot_drivers/robot_drivers.egg-info/SOURCES.txt'
[0.843s] adding license file 'LICENSE'
[0.844s] writing manifest file '../../build/robot_drivers/robot_drivers.egg-info/SOURCES.txt'
[0.844s] running build
[0.844s] running build_py
[0.844s] running install
[0.845s] running install_lib
[0.846s] running install_data
[0.846s] copying launch/asus_xtion.launch.py -> /home/raynel/autonomous_navigation/install/robot_drivers/share/robot_drivers/launch
[0.846s] running install_egg_info
[0.848s] Copying ../../build/robot_drivers/robot_drivers.egg-info to /home/raynel/autonomous_navigation/install/robot_drivers/lib/python3.10/site-packages/robot_drivers-0.0.0-py3.10.egg-info
[0.848s] running install_scripts
[0.869s] writing list of installed files to '/home/raynel/autonomous_navigation/build/robot_drivers/install.log'
[0.889s] Invoked command in '/home/raynel/autonomous_navigation/src/robot_drivers' returned '0': PYTHONPATH=/home/raynel/autonomous_navigation/build/robot_drivers/prefix_override:/usr/lib/python3/dist-packages/colcon_core/task/python/colcon_distutils_commands:/home/raynel/autonomous_navigation/install/robot_drivers/lib/python3.10/site-packages:${PYTHONPATH} /usr/bin/python3 -W ignore:setup.py install is deprecated -W ignore:easy_install command is deprecated setup.py egg_info --egg-base ../../build/robot_drivers build --build-base /home/raynel/autonomous_navigation/build/robot_drivers/build install --record /home/raynel/autonomous_navigation/build/robot_drivers/install.log --single-version-externally-managed install_data
