[0.015s] Invoking command in '/home/raynel/autonomous_navigation/build/robot_description': CMAKE_PREFIX_PATH=/opt/ros/humble /usr/bin/cmake /home/raynel/autonomous_navigation/src/robot_description -DCMAKE_INSTALL_PREFIX=/home/raynel/autonomous_navigation/install/robot_description
[0.122s] -- The C compiler identification is GNU 11.4.0
[0.222s] -- The CXX compiler identification is GNU 11.4.0
[0.236s] -- Detecting C compiler ABI info
[0.324s] -- Detecting C compiler ABI info - done
[0.335s] -- Check for working C compiler: /usr/bin/cc - skipped
[0.335s] -- Detecting C compile features
[0.336s] -- Detecting C compile features - done
[0.341s] -- Detecting CXX compiler ABI info
[0.438s] -- Detecting CXX compiler ABI info - done
[0.446s] -- Check for working CXX compiler: /usr/bin/c++ - skipped
[0.446s] -- Detecting CXX compile features
[0.447s] -- Detecting CXX compile features - done
[0.452s] -- Found ament_cmake: 1.3.12 (/opt/ros/humble/share/ament_cmake/cmake)
[0.635s] -- Found Python3: /usr/bin/python3 (found version "3.10.12") found components: Interpreter 
[0.747s] -- Found xacro: 2.1.1 (/opt/ros/humble/share/xacro/cmake)
[0.749s] -- Found rviz2: 11.2.20 (/opt/ros/humble/share/rviz2/cmake)
[0.751s] -- Found ament_lint_auto: 0.12.14 (/opt/ros/humble/share/ament_lint_auto/cmake)
[0.845s] -- Added test 'flake8' to check Python code syntax and style conventions
[0.845s] -- Added test 'lint_cmake' to check CMake code style
[0.846s] -- Added test 'pep257' to check Python code against some of the docstring style conventions in PEP 257
[0.847s] -- Added test 'xmllint' to check XML markup files
[0.849s] -- Configuring done
[0.851s] -- Generating done
[0.853s] -- Build files have been written to: /home/raynel/autonomous_navigation/build/robot_description
[0.859s] Invoked command in '/home/raynel/autonomous_navigation/build/robot_description' returned '0': CMAKE_PREFIX_PATH=/opt/ros/humble /usr/bin/cmake /home/raynel/autonomous_navigation/src/robot_description -DCMAKE_INSTALL_PREFIX=/home/raynel/autonomous_navigation/install/robot_description
[0.859s] Invoking command in '/home/raynel/autonomous_navigation/build/robot_description': CMAKE_PREFIX_PATH=/opt/ros/humble /usr/bin/cmake --build /home/raynel/autonomous_navigation/build/robot_description -- -j24 -l24
[0.902s] Invoked command in '/home/raynel/autonomous_navigation/build/robot_description' returned '0': CMAKE_PREFIX_PATH=/opt/ros/humble /usr/bin/cmake --build /home/raynel/autonomous_navigation/build/robot_description -- -j24 -l24
[0.912s] Invoking command in '/home/raynel/autonomous_navigation/build/robot_description': CMAKE_PREFIX_PATH=/opt/ros/humble /usr/bin/cmake --install /home/raynel/autonomous_navigation/build/robot_description
[0.920s] -- Install configuration: ""
[0.920s] -- Installing: /home/raynel/autonomous_navigation/install/robot_description/share/robot_description/launch
[0.920s] -- Installing: /home/raynel/autonomous_navigation/install/robot_description/share/robot_description/launch/rviz2.launch.py
[0.920s] -- Installing: /home/raynel/autonomous_navigation/install/robot_description/share/robot_description/launch/robot_state_publisher.launch.py
[0.920s] -- Installing: /home/raynel/autonomous_navigation/install/robot_description/share/robot_description/urdf
[0.921s] -- Installing: /home/raynel/autonomous_navigation/install/robot_description/share/robot_description/urdf/asus_xtion_camera.urdf.xacro
[0.921s] -- Installing: /home/raynel/autonomous_navigation/install/robot_description/share/robot_description/urdf/meshes
[0.921s] -- Installing: /home/raynel/autonomous_navigation/install/robot_description/share/robot_description/urdf/meshes/asus_xtion_pro_live.png
[0.921s] -- Installing: /home/raynel/autonomous_navigation/install/robot_description/share/robot_description/urdf/meshes/asus_xtion_pro_live.dae
[0.921s] -- Installing: /home/raynel/autonomous_navigation/install/robot_description/share/robot_description/urdf/sensors
[0.921s] -- Installing: /home/raynel/autonomous_navigation/install/robot_description/share/robot_description/urdf/sensors/asus_xtion.urdf.xacro
[0.922s] -- Installing: /home/raynel/autonomous_navigation/install/robot_description/share/robot_description/config
[0.922s] -- Installing: /home/raynel/autonomous_navigation/install/robot_description/share/robot_description/config/default.rviz
[0.922s] -- Installing: /home/raynel/autonomous_navigation/install/robot_description/share/ament_index/resource_index/package_run_dependencies/robot_description
[0.922s] -- Installing: /home/raynel/autonomous_navigation/install/robot_description/share/ament_index/resource_index/parent_prefix_path/robot_description
[0.922s] -- Installing: /home/raynel/autonomous_navigation/install/robot_description/share/robot_description/environment/ament_prefix_path.sh
[0.922s] -- Installing: /home/raynel/autonomous_navigation/install/robot_description/share/robot_description/environment/ament_prefix_path.dsv
[0.922s] -- Installing: /home/raynel/autonomous_navigation/install/robot_description/share/robot_description/environment/path.sh
[0.922s] -- Installing: /home/raynel/autonomous_navigation/install/robot_description/share/robot_description/environment/path.dsv
[0.922s] -- Installing: /home/raynel/autonomous_navigation/install/robot_description/share/robot_description/local_setup.bash
[0.923s] -- Installing: /home/raynel/autonomous_navigation/install/robot_description/share/robot_description/local_setup.sh
[0.923s] -- Installing: /home/raynel/autonomous_navigation/install/robot_description/share/robot_description/local_setup.zsh
[0.923s] -- Installing: /home/raynel/autonomous_navigation/install/robot_description/share/robot_description/local_setup.dsv
[0.923s] -- Installing: /home/raynel/autonomous_navigation/install/robot_description/share/robot_description/package.dsv
[0.923s] -- Installing: /home/raynel/autonomous_navigation/install/robot_description/share/ament_index/resource_index/packages/robot_description
[0.923s] -- Installing: /home/raynel/autonomous_navigation/install/robot_description/share/robot_description/cmake/robot_descriptionConfig.cmake
[0.923s] -- Installing: /home/raynel/autonomous_navigation/install/robot_description/share/robot_description/cmake/robot_descriptionConfig-version.cmake
[0.924s] -- Installing: /home/raynel/autonomous_navigation/install/robot_description/share/robot_description/package.xml
[0.925s] Invoked command in '/home/raynel/autonomous_navigation/build/robot_description' returned '0': CMAKE_PREFIX_PATH=/opt/ros/humble /usr/bin/cmake --install /home/raynel/autonomous_navigation/build/robot_description
