running egg_info
creating ../../build/robot_drivers/robot_drivers.egg-info
writing ../../build/robot_drivers/robot_drivers.egg-info/PKG-INFO
writing dependency_links to ../../build/robot_drivers/robot_drivers.egg-info/dependency_links.txt
writing entry points to ../../build/robot_drivers/robot_drivers.egg-info/entry_points.txt
writing requirements to ../../build/robot_drivers/robot_drivers.egg-info/requires.txt
writing top-level names to ../../build/robot_drivers/robot_drivers.egg-info/top_level.txt
writing manifest file '../../build/robot_drivers/robot_drivers.egg-info/SOURCES.txt'
reading manifest file '../../build/robot_drivers/robot_drivers.egg-info/SOURCES.txt'
adding license file 'LICENSE'
writing manifest file '../../build/robot_drivers/robot_drivers.egg-info/SOURCES.txt'
running build
running build_py
creating /home/raynel/autonomous_navigation/build/robot_drivers/build
creating /home/raynel/autonomous_navigation/build/robot_drivers/build/lib
creating /home/raynel/autonomous_navigation/build/robot_drivers/build/lib/robot_drivers
copying robot_drivers/__init__.py -> /home/raynel/autonomous_navigation/build/robot_drivers/build/lib/robot_drivers
running install
running install_lib
creating /home/raynel/autonomous_navigation/install/robot_drivers/lib/python3.10/site-packages/robot_drivers
copying /home/raynel/autonomous_navigation/build/robot_drivers/build/lib/robot_drivers/__init__.py -> /home/raynel/autonomous_navigation/install/robot_drivers/lib/python3.10/site-packages/robot_drivers
byte-compiling /home/raynel/autonomous_navigation/install/robot_drivers/lib/python3.10/site-packages/robot_drivers/__init__.py to __init__.cpython-310.pyc
running install_data
creating /home/raynel/autonomous_navigation/install/robot_drivers/share/ament_index
creating /home/raynel/autonomous_navigation/install/robot_drivers/share/ament_index/resource_index
creating /home/raynel/autonomous_navigation/install/robot_drivers/share/ament_index/resource_index/packages
copying resource/robot_drivers -> /home/raynel/autonomous_navigation/install/robot_drivers/share/ament_index/resource_index/packages
copying package.xml -> /home/raynel/autonomous_navigation/install/robot_drivers/share/robot_drivers
creating /home/raynel/autonomous_navigation/install/robot_drivers/share/robot_drivers/launch
error: can't copy 'launch/aus_xtion.launch.py': doesn't exist or not a regular file
